
#########################################
#                                       #
#  Log Start: Tue Nov 17 15:28:46 2015  #
#                                       #
#########################################


#########################################
#                                       #
#  Log Start: Tue Nov 17 15:33:45 2015  #
#                                       #
#########################################


#########################################
#                                       #
#  Log Start: Tue Nov 17 16:18:32 2015  #
#                                       #
#########################################


#########################################
#                                       #
#  Log Start: Tue Nov 17 16:19:39 2015  #
#                                       #
#########################################


#########################################
#                                       #
#  Log Start: Wed Feb 10 13:56:59 2016  #
#                                       #
#########################################

Replace following values in FDM with Delta Triangulation interpolated values:
  - values between 0 and 0 (inclusive)
  - infinity (+/- Inf)
  - not a number (NaN)
Depth=0 Number of interpolated values=1102
Depth=50 Number of interpolated values=1102
Depth=100 Number of interpolated values=1102
Depth=150 Number of interpolated values=1102
Depth=200 Number of interpolated values=1102
Depth=250 Number of interpolated values=1102
Depth=300 Number of interpolated values=1102
Depth=350 Number of interpolated values=1102
Depth=400 Number of interpolated values=1102
Depth=450 Number of interpolated values=1102
Depth=500 Number of interpolated values=1102
Depth=550 Number of interpolated values=1102
Depth=600 Number of interpolated values=1102
Depth=650 Number of interpolated values=1102
Depth=700 Number of interpolated values=1102
Depth=750 Number of interpolated values=1102
Depth=800 Number of interpolated values=1102
Depth=850 Number of interpolated values=1102
Depth=900 Number of interpolated values=1102
Depth=950 Number of interpolated values=1102
Depth=1000 Number of interpolated values=1102
Depth=1050 Number of interpolated values=1102
Depth=1100 Number of interpolated values=1102
Depth=1150 Number of interpolated values=1102
Depth=1200 Number of interpolated values=1102
Depth=1250 Number of interpolated values=1102
Depth=1300 Number of interpolated values=1102
Depth=1350 Number of interpolated values=1102
Depth=1400 Number of interpolated values=1102
Depth=1450 Number of interpolated values=1102
Depth=1500 Number of interpolated values=1102
Depth=1550 Number of interpolated values=1102
Depth=1600 Number of interpolated values=1102
Depth=1650 Number of interpolated values=1102
Depth=1700 Number of interpolated values=1102
Depth=1750 Number of interpolated values=1102
Depth=1800 Number of interpolated values=1102
Depth=1850 Number of interpolated values=1102
Depth=1900 Number of interpolated values=1102
Depth=1950 Number of interpolated values=1102
Depth=2000 Number of interpolated values=1102
Depth=2050 Number of interpolated values=1102
Depth=2100 Number of interpolated values=1102
Depth=2150 Number of interpolated values=1102
Depth=2200 Number of interpolated values=1102
Depth=2250 Number of interpolated values=1102
Depth=2300 Number of interpolated values=1102
Depth=2350 Number of interpolated values=1102
Depth=2400 Number of interpolated values=1102
Depth=2450 Number of interpolated values=1102
Depth=2500 Number of interpolated values=1102
Depth=2550 Number of interpolated values=1102
Depth=2600 Number of interpolated values=1102
Depth=2650 Number of interpolated values=1102
Depth=2700 Number of interpolated values=1102
Depth=2750 Number of interpolated values=1102
Depth=2800 Number of interpolated values=1102
Depth=2850 Number of interpolated values=1102
Depth=2900 Number of interpolated values=1102
Depth=2950 Number of interpolated values=1102
Depth=3000 Number of interpolated values=1102
Depth=3050 Number of interpolated values=1102
Depth=3100 Number of interpolated values=1102
Depth=3150 Number of interpolated values=1102
Depth=3200 Number of interpolated values=1102
Depth=3250 Number of interpolated values=1102
Depth=3300 Number of interpolated values=1102
Depth=3350 Number of interpolated values=1102
Depth=3400 Number of interpolated values=1102
Depth=3450 Number of interpolated values=1102
Depth=3500 Number of interpolated values=1102
Depth=3550 Number of interpolated values=1102
Depth=3600 Number of interpolated values=1102
Depth=3650 Number of interpolated values=1102
Depth=3700 Number of interpolated values=1102
Depth=3750 Number of interpolated values=1102
Depth=3800 Number of interpolated values=1102
Depth=3850 Number of interpolated values=1102
Depth=3900 Number of interpolated values=1102
Depth=3950 Number of interpolated values=1102
Depth=4000 Number of interpolated values=1102
Depth=4050 Number of interpolated values=1102
Depth=4100 Number of interpolated values=1102
Depth=4150 Number of interpolated values=1102
Depth=4200 Number of interpolated values=1102
Depth=4250 Number of interpolated values=1102
Depth=4300 Number of interpolated values=1102
Depth=4350 Number of interpolated values=1102
Depth=4400 Number of interpolated values=1102
Depth=4450 Number of interpolated values=1102
Depth=4500 Number of interpolated values=1102
Depth=4550 Number of interpolated values=1102
Depth=4600 Number of interpolated values=1102
Depth=4650 Number of interpolated values=1102
Depth=4700 Number of interpolated values=1102
Depth=4750 Number of interpolated values=1102
Depth=4800 Number of interpolated values=1102
Depth=4850 Number of interpolated values=1102
Depth=4900 Number of interpolated values=1102
Depth=4950 Number of interpolated values=1102
Depth=5000 Number of interpolated values=1102
Depth=5050 Number of interpolated values=1102
Depth=5100 Number of interpolated values=1102
Depth=5150 Number of interpolated values=1102
Depth=5200 Number of interpolated values=1102
Depth=5250 Number of interpolated values=1102
Depth=5300 Number of interpolated values=1102
Depth=5350 Number of interpolated values=1102
Depth=5400 Number of interpolated values=1102
Depth=5450 Number of interpolated values=1102
Depth=5500 Number of interpolated values=1102
Depth=5550 Number of interpolated values=1102
Depth=5600 Number of interpolated values=1102
Depth=5650 Number of interpolated values=1102
Depth=5700 Number of interpolated values=1102
Depth=5750 Number of interpolated values=1102
Depth=5800 Number of interpolated values=1102
Depth=5850 Number of interpolated values=1102
Depth=5900 Number of interpolated values=1102
Depth=5950 Number of interpolated values=1102
Depth=6000 Number of interpolated values=1102
Depth=6050 Number of interpolated values=1102
Depth=6100 Number of interpolated values=1102
Depth=6150 Number of interpolated values=1102
Depth=6200 Number of interpolated values=1102
Depth=6250 Number of interpolated values=1102
Depth=6300 Number of interpolated values=1102
Depth=6350 Number of interpolated values=1102
Depth=6400 Number of interpolated values=1102
Depth=6450 Number of interpolated values=1102
Depth=6500 Number of interpolated values=1102
Depth=6550 Number of interpolated values=1102
Depth=6600 Number of interpolated values=1102
Depth=6650 Number of interpolated values=1102
Depth=6700 Number of interpolated values=1102
Depth=6750 Number of interpolated values=1102
Depth=6800 Number of interpolated values=1102
Depth=6850 Number of interpolated values=1102
Depth=6900 Number of interpolated values=1102
Depth=6950 Number of interpolated values=1102
Depth=7000 Number of interpolated values=1102
Depth=7050 Number of interpolated values=1102
Depth=7100 Number of interpolated values=1102
Depth=7150 Number of interpolated values=1102
Depth=7200 Number of interpolated values=1102
Depth=7250 Number of interpolated values=1102
Depth=7300 Number of interpolated values=1102
Depth=7350 Number of interpolated values=1102
Depth=7400 Number of interpolated values=1102
Depth=7450 Number of interpolated values=1102
Depth=7500 Number of interpolated values=1102
Depth=7550 Number of interpolated values=1102
Depth=7600 Number of interpolated values=1102
Depth=7650 Number of interpolated values=1102
Depth=7700 Number of interpolated values=1102
Depth=7750 Number of interpolated values=1102
Depth=7800 Number of interpolated values=1102
Depth=7850 Number of interpolated values=1102
Depth=7900 Number of interpolated values=1102
Depth=7950 Number of interpolated values=1102
Depth=8000 Number of interpolated values=1102
Depth=8050 Number of interpolated values=1102
Depth=8100 Number of interpolated values=1102
Depth=8150 Number of interpolated values=1102
Depth=8200 Number of interpolated values=1102
Depth=8250 Number of interpolated values=1102
Depth=8300 Number of interpolated values=1102
Depth=8350 Number of interpolated values=1102
Depth=8400 Number of interpolated values=1102
Depth=8450 Number of interpolated values=1102
Depth=8500 Number of interpolated values=1102
Depth=8550 Number of interpolated values=1102
Depth=8600 Number of interpolated values=1102
Depth=8650 Number of interpolated values=1102
Depth=8700 Number of interpolated values=1102
Depth=8750 Number of interpolated values=1102
Depth=8800 Number of interpolated values=1102
Depth=8850 Number of interpolated values=1102
Depth=8900 Number of interpolated values=1102
Depth=8950 Number of interpolated values=1102
Depth=9000 Number of interpolated values=1102
Depth=9050 Number of interpolated values=1102
Depth=9100 Number of interpolated values=1102
Depth=9150 Number of interpolated values=1102
Depth=9200 Number of interpolated values=1102
Depth=9250 Number of interpolated values=1102
Depth=9300 Number of interpolated values=1102
Depth=9350 Number of interpolated values=1102
Depth=9400 Number of interpolated values=1102
Depth=9450 Number of interpolated values=1102
Depth=9500 Number of interpolated values=1102
Depth=9550 Number of interpolated values=1102
Depth=9600 Number of interpolated values=1102
Depth=9650 Number of interpolated values=1102
Depth=9700 Number of interpolated values=1102
Depth=9750 Number of interpolated values=1102
Depth=9800 Number of interpolated values=1102
Depth=9850 Number of interpolated values=1102
Depth=9900 Number of interpolated values=1102
Depth=9950 Number of interpolated values=1102
Depth=10000 Number of interpolated values=1102
Depth=10050 Number of interpolated values=1102
Depth=10100 Number of interpolated values=1102
Depth=10150 Number of interpolated values=1102
Depth=10200 Number of interpolated values=1102
Depth=10250 Number of interpolated values=1102
Depth=10300 Number of interpolated values=1102
Depth=10350 Number of interpolated values=1102
Depth=10400 Number of interpolated values=1102
Depth=10450 Number of interpolated values=1102
Depth=10500 Number of interpolated values=1102
Depth=10550 Number of interpolated values=1102
Depth=10600 Number of interpolated values=1102
Depth=10650 Number of interpolated values=1102
Depth=10700 Number of interpolated values=1102
Depth=10750 Number of interpolated values=1102
Depth=10800 Number of interpolated values=1102
Depth=10850 Number of interpolated values=1102
Depth=10900 Number of interpolated values=1102
Depth=10950 Number of interpolated values=1102
Depth=11000 Number of interpolated values=1102
Depth=11050 Number of interpolated values=1102
Depth=11100 Number of interpolated values=1102
Depth=11150 Number of interpolated values=1102
Depth=11200 Number of interpolated values=1102
Depth=11250 Number of interpolated values=1102
Depth=11300 Number of interpolated values=1102
Depth=11350 Number of interpolated values=1102
Depth=11400 Number of interpolated values=1102
Depth=11450 Number of interpolated values=1102
Depth=11500 Number of interpolated values=1102
Depth=11550 Number of interpolated values=1102
Depth=11600 Number of interpolated values=1102
Depth=11650 Number of interpolated values=1102
Depth=11700 Number of interpolated values=1102
Depth=11750 Number of interpolated values=1102
Depth=11800 Number of interpolated values=1102
Depth=11850 Number of interpolated values=1102
Depth=11900 Number of interpolated values=1102
Depth=11950 Number of interpolated values=1102
Depth=12000 Number of interpolated values=1102
Depth=12050 Number of interpolated values=1102
Depth=12100 Number of interpolated values=1102
Depth=12150 Number of interpolated values=1102
Depth=12200 Number of interpolated values=1102
Depth=12250 Number of interpolated values=1102
Depth=12300 Number of interpolated values=1102
Depth=12350 Number of interpolated values=1102
Depth=12400 Number of interpolated values=1102
Depth=12450 Number of interpolated values=1102
Depth=12500 Number of interpolated values=1102
Depth=12550 Number of interpolated values=1102
Depth=12600 Number of interpolated values=1102
Depth=12650 Number of interpolated values=1102
Depth=12700 Number of interpolated values=1102
Depth=12750 Number of interpolated values=1102
Depth=12800 Number of interpolated values=1102
Depth=12850 Number of interpolated values=1102
Depth=12900 Number of interpolated values=1102
Depth=12950 Number of interpolated values=1102
Depth=13000 Number of interpolated values=1102
Depth=13050 Number of interpolated values=1102
Depth=13100 Number of interpolated values=1102
Depth=13150 Number of interpolated values=1102
Depth=13200 Number of interpolated values=1102
Depth=13250 Number of interpolated values=1102
Depth=13300 Number of interpolated values=1102
Depth=13350 Number of interpolated values=1102
Depth=13400 Number of interpolated values=1102
Depth=13450 Number of interpolated values=1102
Depth=13500 Number of interpolated values=1102
Depth=13550 Number of interpolated values=1102
Depth=13600 Number of interpolated values=1102
Depth=13650 Number of interpolated values=1102
Depth=13700 Number of interpolated values=1102
Depth=13750 Number of interpolated values=1102
Depth=13800 Number of interpolated values=1102
Depth=13850 Number of interpolated values=1102
Depth=13900 Number of interpolated values=1102
Depth=13950 Number of interpolated values=1102
Depth=14000 Number of interpolated values=1102
Depth=14050 Number of interpolated values=1102
Depth=14100 Number of interpolated values=1102
Depth=14150 Number of interpolated values=1102
Depth=14200 Number of interpolated values=1102
Depth=14250 Number of interpolated values=1102
Depth=14300 Number of interpolated values=1102
Depth=14350 Number of interpolated values=1102
Depth=14400 Number of interpolated values=1102
Depth=14450 Number of interpolated values=1102
Depth=14500 Number of interpolated values=1102
Depth=14550 Number of interpolated values=1102
Depth=14600 Number of interpolated values=1102
Depth=14650 Number of interpolated values=1102
Depth=14700 Number of interpolated values=1102
Depth=14750 Number of interpolated values=1102
Depth=14800 Number of interpolated values=1102
Depth=14850 Number of interpolated values=1102
Depth=14900 Number of interpolated values=1102
Depth=14950 Number of interpolated values=1102
Depth=15000 Number of interpolated values=1102
Depth=15050 Number of interpolated values=1102
Depth=15100 Number of interpolated values=1102
Depth=15150 Number of interpolated values=1102
Depth=15200 Number of interpolated values=1102
Depth=15250 Number of interpolated values=1102
Depth=15300 Number of interpolated values=1102
Depth=15350 Number of interpolated values=1102
Depth=15400 Number of interpolated values=1102
Depth=15450 Number of interpolated values=1102
Depth=15500 Number of interpolated values=1102
Depth=15550 Number of interpolated values=1102
Depth=15600 Number of interpolated values=1102
Depth=15650 Number of interpolated values=1102
Depth=15700 Number of interpolated values=1102
Depth=15750 Number of interpolated values=1102
Depth=15800 Number of interpolated values=1102
Depth=15850 Number of interpolated values=1102
Depth=15900 Number of interpolated values=1102
Depth=15950 Number of interpolated values=1102
Depth=16000 Number of interpolated values=1102
Depth=16050 Number of interpolated values=1102
Depth=16100 Number of interpolated values=1102
Depth=16150 Number of interpolated values=1102
Depth=16200 Number of interpolated values=1102
Depth=16250 Number of interpolated values=1102
Depth=16300 Number of interpolated values=1102
Depth=16350 Number of interpolated values=1102
Depth=16400 Number of interpolated values=1102
Depth=16450 Number of interpolated values=1102
Depth=16500 Number of interpolated values=1102
Depth=16550 Number of interpolated values=1102
Depth=16600 Number of interpolated values=1102
Depth=16650 Number of interpolated values=1102
Depth=16700 Number of interpolated values=1102
Depth=16750 Number of interpolated values=1102
Depth=16800 Number of interpolated values=1102
Depth=16850 Number of interpolated values=1102
Depth=16900 Number of interpolated values=1102
Depth=16950 Number of interpolated values=1102
Depth=17000 Number of interpolated values=1102
Depth=17050 Number of interpolated values=1102
Depth=17100 Number of interpolated values=1102
Depth=17150 Number of interpolated values=1102
Depth=17200 Number of interpolated values=1102
Depth=17250 Number of interpolated values=1102
Depth=17300 Number of interpolated values=1102
Depth=17350 Number of interpolated values=1102
Depth=17400 Number of interpolated values=1102
Depth=17450 Number of interpolated values=1102
Depth=17500 Number of interpolated values=1102
Depth=17550 Number of interpolated values=1102
Depth=17600 Number of interpolated values=1102
Depth=17650 Number of interpolated values=1102
Depth=17700 Number of interpolated values=1102
Depth=17750 Number of interpolated values=1102
Depth=17800 Number of interpolated values=1102
Depth=17850 Number of interpolated values=1102
Depth=17900 Number of interpolated values=1102
Depth=17950 Number of interpolated values=1102
Depth=18000 Number of interpolated values=1102
Replace following values in FDM with Delta Triangulation interpolated values:
  - values between 0 and 0 (inclusive)
  - infinity (+/- Inf)
  - not a number (NaN)
Depth=0 Number of interpolated values=1026
Depth=50 Number of interpolated values=1026
Depth=100 Number of interpolated values=1026
Depth=150 Number of interpolated values=1026
Depth=200 Number of interpolated values=1026
Depth=250 Number of interpolated values=1026
Depth=300 Number of interpolated values=1026
Depth=350 Number of interpolated values=1026
Depth=400 Number of interpolated values=1026
Depth=450 Number of interpolated values=1026
Depth=500 Number of interpolated values=1026
Depth=550 Number of interpolated values=1026
Depth=600 Number of interpolated values=1026
Depth=650 Number of interpolated values=1026
Depth=700 Number of interpolated values=1026
Depth=750 Number of interpolated values=1026
Depth=800 Number of interpolated values=1026
Depth=850 Number of interpolated values=1026
Depth=900 Number of interpolated values=1026
Depth=950 Number of interpolated values=1026
Depth=1000 Number of interpolated values=1026
Depth=1050 Number of interpolated values=1026
Depth=1100 Number of interpolated values=1026
Depth=1150 Number of interpolated values=1026
Depth=1200 Number of interpolated values=1026
Depth=1250 Number of interpolated values=1026
Depth=1300 Number of interpolated values=1026
Depth=1350 Number of interpolated values=1026
Depth=1400 Number of interpolated values=1026
Depth=1450 Number of interpolated values=1026
Depth=1500 Number of interpolated values=1026
Depth=1550 Number of interpolated values=1026
Depth=1600 Number of interpolated values=1026
Depth=1650 Number of interpolated values=1026
Depth=1700 Number of interpolated values=1026
Depth=1750 Number of interpolated values=1026
Depth=1800 Number of interpolated values=1026
Depth=1850 Number of interpolated values=1026
Depth=1900 Number of interpolated values=1026
Depth=1950 Number of interpolated values=1026
Depth=2000 Number of interpolated values=1026
Depth=2050 Number of interpolated values=1026
Depth=2100 Number of interpolated values=1026
Depth=2150 Number of interpolated values=1026
Depth=2200 Number of interpolated values=1026
Depth=2250 Number of interpolated values=1026
Depth=2300 Number of interpolated values=1026
Depth=2350 Number of interpolated values=1026
Depth=2400 Number of interpolated values=1026
Depth=2450 Number of interpolated values=1026
Depth=2500 Number of interpolated values=1026
Depth=2550 Number of interpolated values=1026
Depth=2600 Number of interpolated values=1026
Depth=2650 Number of interpolated values=1026
Depth=2700 Number of interpolated values=1026
Depth=2750 Number of interpolated values=1026
Depth=2800 Number of interpolated values=1026
Depth=2850 Number of interpolated values=1026
Depth=2900 Number of interpolated values=1026
Depth=2950 Number of interpolated values=1026
Depth=3000 Number of interpolated values=1026
Depth=3050 Number of interpolated values=1026
Depth=3100 Number of interpolated values=1026
Depth=3150 Number of interpolated values=1026
Depth=3200 Number of interpolated values=1026
Depth=3250 Number of interpolated values=1026
Depth=3300 Number of interpolated values=1026
Depth=3350 Number of interpolated values=1026
Depth=3400 Number of interpolated values=1026
Depth=3450 Number of interpolated values=1026
Depth=3500 Number of interpolated values=1026
Depth=3550 Number of interpolated values=1026
Depth=3600 Number of interpolated values=1026
Depth=3650 Number of interpolated values=1026
Depth=3700 Number of interpolated values=1026
Depth=3750 Number of interpolated values=1026
Depth=3800 Number of interpolated values=1026
Depth=3850 Number of interpolated values=1026
Depth=3900 Number of interpolated values=1026
Depth=3950 Number of interpolated values=1026
Depth=4000 Number of interpolated values=1026
Depth=4050 Number of interpolated values=1026
Depth=4100 Number of interpolated values=1026
Depth=4150 Number of interpolated values=1026
Depth=4200 Number of interpolated values=1026
Depth=4250 Number of interpolated values=1026
Depth=4300 Number of interpolated values=1026
Depth=4350 Number of interpolated values=1026
Depth=4400 Number of interpolated values=1026
Depth=4450 Number of interpolated values=1026
Depth=4500 Number of interpolated values=1026
Depth=4550 Number of interpolated values=1026
Depth=4600 Number of interpolated values=1026
Depth=4650 Number of interpolated values=1026
Depth=4700 Number of interpolated values=1026
Depth=4750 Number of interpolated values=1026
Depth=4800 Number of interpolated values=1026
Depth=4850 Number of interpolated values=1026
Depth=4900 Number of interpolated values=1026
Depth=4950 Number of interpolated values=1026
Depth=5000 Number of interpolated values=1026
Depth=5050 Number of interpolated values=1026
Depth=5100 Number of interpolated values=1026
Depth=5150 Number of interpolated values=1026
Depth=5200 Number of interpolated values=1026
Depth=5250 Number of interpolated values=1026
Depth=5300 Number of interpolated values=1026
Depth=5350 Number of interpolated values=1026
Depth=5400 Number of interpolated values=1026
Depth=5450 Number of interpolated values=1026
Depth=5500 Number of interpolated values=1026
Depth=5550 Number of interpolated values=1026
Depth=5600 Number of interpolated values=1026
Depth=5650 Number of interpolated values=1026
Depth=5700 Number of interpolated values=1026
Depth=5750 Number of interpolated values=1026
Depth=5800 Number of interpolated values=1026
Depth=5850 Number of interpolated values=1026
Depth=5900 Number of interpolated values=1026
Depth=5950 Number of interpolated values=1026
Depth=6000 Number of interpolated values=1026
Depth=6050 Number of interpolated values=1026
Depth=6100 Number of interpolated values=1026
Depth=6150 Number of interpolated values=1026
Depth=6200 Number of interpolated values=1026
Depth=6250 Number of interpolated values=1026
Depth=6300 Number of interpolated values=1026
Depth=6350 Number of interpolated values=1026
Depth=6400 Number of interpolated values=1026
Depth=6450 Number of interpolated values=1026
Depth=6500 Number of interpolated values=1026
Depth=6550 Number of interpolated values=1026
Depth=6600 Number of interpolated values=1026
Depth=6650 Number of interpolated values=1026
Depth=6700 Number of interpolated values=1026
Depth=6750 Number of interpolated values=1026
Depth=6800 Number of interpolated values=1026
Depth=6850 Number of interpolated values=1026
Depth=6900 Number of interpolated values=1026
Depth=6950 Number of interpolated values=1026
Depth=7000 Number of interpolated values=1026
Depth=7050 Number of interpolated values=1026
Depth=7100 Number of interpolated values=1026
Depth=7150 Number of interpolated values=1026
Depth=7200 Number of interpolated values=1026
Depth=7250 Number of interpolated values=1026
Depth=7300 Number of interpolated values=1026
Depth=7350 Number of interpolated values=1026
Depth=7400 Number of interpolated values=1026
Depth=7450 Number of interpolated values=1026
Depth=7500 Number of interpolated values=1026
Depth=7550 Number of interpolated values=1026
Depth=7600 Number of interpolated values=1026
Depth=7650 Number of interpolated values=1026
Depth=7700 Number of interpolated values=1026
Depth=7750 Number of interpolated values=1026
Depth=7800 Number of interpolated values=1026
Depth=7850 Number of interpolated values=1026
Depth=7900 Number of interpolated values=1026
Depth=7950 Number of interpolated values=1026
Depth=8000 Number of interpolated values=1026
Depth=8050 Number of interpolated values=1026
Depth=8100 Number of interpolated values=1026
Depth=8150 Number of interpolated values=1026
Depth=8200 Number of interpolated values=1026
Depth=8250 Number of interpolated values=1026
Depth=8300 Number of interpolated values=1026
Depth=8350 Number of interpolated values=1026
Depth=8400 Number of interpolated values=1026
Depth=8450 Number of interpolated values=1026
Depth=8500 Number of interpolated values=1026
Depth=8550 Number of interpolated values=1026
Depth=8600 Number of interpolated values=1026
Depth=8650 Number of interpolated values=1026
Depth=8700 Number of interpolated values=1026
Depth=8750 Number of interpolated values=1026
Depth=8800 Number of interpolated values=1026
Depth=8850 Number of interpolated values=1026
Depth=8900 Number of interpolated values=1026
Depth=8950 Number of interpolated values=1026
Depth=9000 Number of interpolated values=1026
Depth=9050 Number of interpolated values=1026
Depth=9100 Number of interpolated values=1026
Depth=9150 Number of interpolated values=1026
Depth=9200 Number of interpolated values=1026
Depth=9250 Number of interpolated values=1026
Depth=9300 Number of interpolated values=1026
Depth=9350 Number of interpolated values=1026
Depth=9400 Number of interpolated values=1026
Depth=9450 Number of interpolated values=1026
Depth=9500 Number of interpolated values=1026
Depth=9550 Number of interpolated values=1026
Depth=9600 Number of interpolated values=1026
Depth=9650 Number of interpolated values=1026
Depth=9700 Number of interpolated values=1026
Depth=9750 Number of interpolated values=1026
Depth=9800 Number of interpolated values=1026
Depth=9850 Number of interpolated values=1026
Depth=9900 Number of interpolated values=1026
Depth=9950 Number of interpolated values=1026
Depth=10000 Number of interpolated values=1026
Depth=10050 Number of interpolated values=1026
Depth=10100 Number of interpolated values=1026
Depth=10150 Number of interpolated values=1026
Depth=10200 Number of interpolated values=1026
Depth=10250 Number of interpolated values=1026
Depth=10300 Number of interpolated values=1026
Depth=10350 Number of interpolated values=1026
Depth=10400 Number of interpolated values=1026
Depth=10450 Number of interpolated values=1026
Depth=10500 Number of interpolated values=1026
Depth=10550 Number of interpolated values=1026
Depth=10600 Number of interpolated values=1026
Depth=10650 Number of interpolated values=1026
Depth=10700 Number of interpolated values=1026
Depth=10750 Number of interpolated values=1026
Depth=10800 Number of interpolated values=1026
Depth=10850 Number of interpolated values=1026
Depth=10900 Number of interpolated values=1026
Depth=10950 Number of interpolated values=1026
Depth=11000 Number of interpolated values=1026
Depth=11050 Number of interpolated values=1026
Depth=11100 Number of interpolated values=1026
Depth=11150 Number of interpolated values=1026
Depth=11200 Number of interpolated values=1026
Depth=11250 Number of interpolated values=1026
Depth=11300 Number of interpolated values=1026
Depth=11350 Number of interpolated values=1026
Depth=11400 Number of interpolated values=1026
Depth=11450 Number of interpolated values=1026
Depth=11500 Number of interpolated values=1026
Depth=11550 Number of interpolated values=1026
Depth=11600 Number of interpolated values=1026
Depth=11650 Number of interpolated values=1026
Depth=11700 Number of interpolated values=1026
Depth=11750 Number of interpolated values=1026
Depth=11800 Number of interpolated values=1026
Depth=11850 Number of interpolated values=1026
Depth=11900 Number of interpolated values=1026
Depth=11950 Number of interpolated values=1026
Depth=12000 Number of interpolated values=1026
Depth=12050 Number of interpolated values=1026
Depth=12100 Number of interpolated values=1026
Depth=12150 Number of interpolated values=1026
Depth=12200 Number of interpolated values=1026
Depth=12250 Number of interpolated values=1026
Depth=12300 Number of interpolated values=1026
Depth=12350 Number of interpolated values=1026
Depth=12400 Number of interpolated values=1026
Depth=12450 Number of interpolated values=1026
Depth=12500 Number of interpolated values=1026
Depth=12550 Number of interpolated values=1026
Depth=12600 Number of interpolated values=1026
Depth=12650 Number of interpolated values=1026
Depth=12700 Number of interpolated values=1026
Depth=12750 Number of interpolated values=1026
Depth=12800 Number of interpolated values=1026
Depth=12850 Number of interpolated values=1026
Depth=12900 Number of interpolated values=1026
Depth=12950 Number of interpolated values=1026
Depth=13000 Number of interpolated values=1026
Depth=13050 Number of interpolated values=1026
Depth=13100 Number of interpolated values=1026
Depth=13150 Number of interpolated values=1026
Depth=13200 Number of interpolated values=1026
Depth=13250 Number of interpolated values=1026
Depth=13300 Number of interpolated values=1026
Depth=13350 Number of interpolated values=1026
Depth=13400 Number of interpolated values=1026
Depth=13450 Number of interpolated values=1026
Depth=13500 Number of interpolated values=1026
Depth=13550 Number of interpolated values=1026
Depth=13600 Number of interpolated values=1026
Depth=13650 Number of interpolated values=1026
Depth=13700 Number of interpolated values=1026
Depth=13750 Number of interpolated values=1026
Depth=13800 Number of interpolated values=1026
Depth=13850 Number of interpolated values=1026
Depth=13900 Number of interpolated values=1026
Depth=13950 Number of interpolated values=1026
Depth=14000 Number of interpolated values=1026
Depth=14050 Number of interpolated values=1026
Depth=14100 Number of interpolated values=1026
Depth=14150 Number of interpolated values=1026
Depth=14200 Number of interpolated values=1026
Depth=14250 Number of interpolated values=1026
Depth=14300 Number of interpolated values=1026
Depth=14350 Number of interpolated values=1026
Depth=14400 Number of interpolated values=1026
Depth=14450 Number of interpolated values=1026
Depth=14500 Number of interpolated values=1026
Depth=14550 Number of interpolated values=1026
Depth=14600 Number of interpolated values=1026
Depth=14650 Number of interpolated values=1026
Depth=14700 Number of interpolated values=1026
Depth=14750 Number of interpolated values=1026
Depth=14800 Number of interpolated values=1026
Depth=14850 Number of interpolated values=1026
Depth=14900 Number of interpolated values=1026
Depth=14950 Number of interpolated values=1026
Depth=15000 Number of interpolated values=1026
Depth=15050 Number of interpolated values=1026
Depth=15100 Number of interpolated values=1026
Depth=15150 Number of interpolated values=1026
Depth=15200 Number of interpolated values=1026
Depth=15250 Number of interpolated values=1026
Depth=15300 Number of interpolated values=1026
Depth=15350 Number of interpolated values=1026
Depth=15400 Number of interpolated values=1026
Depth=15450 Number of interpolated values=1026
Depth=15500 Number of interpolated values=1026
Depth=15550 Number of interpolated values=1026
Depth=15600 Number of interpolated values=1026
Depth=15650 Number of interpolated values=1026
Depth=15700 Number of interpolated values=1026
Depth=15750 Number of interpolated values=1026
Depth=15800 Number of interpolated values=1026
Depth=15850 Number of interpolated values=1026
Depth=15900 Number of interpolated values=1026
Depth=15950 Number of interpolated values=1026
Depth=16000 Number of interpolated values=1026
Depth=16050 Number of interpolated values=1026
Depth=16100 Number of interpolated values=1026
Depth=16150 Number of interpolated values=1026
Depth=16200 Number of interpolated values=1026
Depth=16250 Number of interpolated values=1026
Depth=16300 Number of interpolated values=1026
Depth=16350 Number of interpolated values=1026
Depth=16400 Number of interpolated values=1026
Depth=16450 Number of interpolated values=1026
Depth=16500 Number of interpolated values=1026
Depth=16550 Number of interpolated values=1026
Depth=16600 Number of interpolated values=1026
Depth=16650 Number of interpolated values=1026
Depth=16700 Number of interpolated values=1026
Depth=16750 Number of interpolated values=1026
Depth=16800 Number of interpolated values=1026
Depth=16850 Number of interpolated values=1026
Depth=16900 Number of interpolated values=1026
Depth=16950 Number of interpolated values=1026
Depth=17000 Number of interpolated values=1026
Depth=17050 Number of interpolated values=1026
Depth=17100 Number of interpolated values=1026
Depth=17150 Number of interpolated values=1026
Depth=17200 Number of interpolated values=1026
Depth=17250 Number of interpolated values=1026
Depth=17300 Number of interpolated values=1026
Depth=17350 Number of interpolated values=1026
Depth=17400 Number of interpolated values=1026
Depth=17450 Number of interpolated values=1026
Depth=17500 Number of interpolated values=1026
Depth=17550 Number of interpolated values=1026
Depth=17600 Number of interpolated values=1026
Depth=17650 Number of interpolated values=1026
Depth=17700 Number of interpolated values=1026
Depth=17750 Number of interpolated values=1026
Depth=17800 Number of interpolated values=1026
Depth=17850 Number of interpolated values=1026
Depth=17900 Number of interpolated values=1026
Depth=17950 Number of interpolated values=1026
Depth=18000 Number of interpolated values=1026
Replace following values in FDM by 1234:
  - values between 1600 and 1900 (inclusive)
  - infinity (+/- Inf)
  - not a number (NaN)
